<?xml version="1.0" encoding="utf-8"?><testsuites name="pytest tests"><testsuite name="pytest" errors="0" failures="1" skipped="0" tests="11" time="11.228" timestamp="2026-05-28T06:32:55.239357+00:00" hostname="agent-env-e46c6591-2825-4cb8-add3-3a201ae2c7a1"><testcase classname="backend.tests.test_iter10.TestTreatmentPerformerType" name="test_default_treatments_have_performer_type" time="0.806" /><testcase classname="backend.tests.test_iter10.TestTreatmentPerformerType" name="test_create_treatment_with_performer_type" time="0.952" /><testcase classname="backend.tests.test_iter10.TestTreatmentPerformerType" name="test_create_treatment_default_performer_type" time="0.853" /><testcase classname="backend.tests.test_iter10.TestBookingCapacity" name="test_capacity_1_blocks_second_same_treatment" time="1.082" /><testcase classname="backend.tests.test_iter10.TestBookingCapacity" name="test_capacity_2_allows_two_blocks_third" time="1.595" /><testcase classname="backend.tests.test_iter10.TestBookingCapacity" name="test_different_treatment_overlap_409" time="0.962" /><testcase classname="backend.tests.test_iter10.TestBookingCapacity" name="test_public_booking_capacity_409" time="0.978" /><testcase classname="backend.tests.test_iter10.TestPerformerIdValidation" name="test_performer_from_different_clinic_400" time="0.172"><failure message="AssertionError: login doctor@cantikbeauty.id -&gt; 401 {&quot;detail&quot;:&quot;Invalid email or password&quot;}&#10;assert 401 == 200&#10; +  where 401 = &lt;Response [401]&gt;.status_code">backend/tests/test_iter10.py:181: in test_performer_from_different_clinic_400
    t_cantik = login("doctor@cantikbeauty.id")
               ^^^^^^^^^^^^^^^^^^^^^^^^^^^^^^^
backend/tests/test_iter10.py:18: in login
    assert r.status_code == 200, f"login {email} -&gt; {r.status_code} {r.text}"
E   AssertionError: login doctor@cantikbeauty.id -&gt; 401 {"detail":"Invalid email or password"}
E   assert 401 == 200
E    +  where 401 = &lt;Response [401]&gt;.status_code</failure></testcase><testcase classname="backend.tests.test_iter10.TestPerformerIdValidation" name="test_performer_same_clinic_ok" time="1.442" /><testcase classname="backend.tests.test_iter10.TestManagerCreateBooking" name="test_manager_can_create_booking" time="1.253" /><testcase classname="backend.tests.test_iter10.TestManagerCreateBooking" name="test_doctor_cannot_create_booking" time="0.605" /></testsuite></testsuites>