<?xml version="1.0" encoding="utf-8"?><testsuites name="pytest tests"><testsuite name="pytest" errors="0" failures="0" skipped="0" tests="11" time="11.302" timestamp="2026-05-28T06:59:37.815697+00:00" hostname="agent-env-e46c6591-2825-4cb8-add3-3a201ae2c7a1"><testcase classname="backend.tests.test_iter11_performer_availability.TestAvailabilityResponseShape" name="test_returns_eligible_count_and_performer_type" time="0.736" /><testcase classname="backend.tests.test_iter11_performer_availability.TestAvailabilityResponseShape" name="test_facial_performer_type_therapist" time="0.156" /><testcase classname="backend.tests.test_iter11_performer_availability.TestScenarioA_DoctorBooking" name="test_book_consultation_with_rina_then_check_pools" time="1.349" /><testcase classname="backend.tests.test_iter11_performer_availability.TestScenarioB_PerformerIdPool" name="test_therapist_available_at_doctors_busy_time" time="0.802" /><testcase classname="backend.tests.test_iter11_performer_availability.TestConflictResponses" name="test_performer_double_booking_409" time="0.885" /><testcase classname="backend.tests.test_iter11_performer_availability.TestConflictResponses" name="test_no_performer_when_pool_exhausted_409" time="0.986" /><testcase classname="backend.tests.test_iter11_performer_availability.TestConflictResponses" name="test_performer_from_different_clinic_400" time="1.652" /><testcase classname="backend.tests.test_iter11_performer_availability.TestDifferentTreatmentSucceeds" name="test_facial_at_doctors_booked_time_works" time="1.189" /><testcase classname="backend.tests.test_iter11_performer_availability.TestUnassignedBookingConsumes" name="test_unassigned_consults_block_followup_check" time="1.464" /><testcase classname="backend.tests.test_iter11_performer_availability.TestTreatmentsBackwardCompat" name="test_fetch_treatments_with_legacy_slots" time="0.140" /><testcase classname="backend.tests.test_iter11_performer_availability.TestTreatmentsBackwardCompat" name="test_create_treatment_without_slots" time="1.642" /></testsuite></testsuites>