<?xml version="1.0" encoding="utf-8"?><testsuites name="pytest tests"><testsuite name="pytest" errors="0" failures="1" skipped="0" tests="10" time="6.749" timestamp="2026-05-13T17:07:44.957290+00:00" hostname="agent-env-e46c6591-2825-4cb8-add3-3a201ae2c7a1"><testcase classname="backend.tests.test_saas.TestPlans" name="test_get_plans_returns_three" time="0.392" /><testcase classname="backend.tests.test_saas.TestRegisterClinic" name="test_register_clinic_creates_owner_and_trial" time="0.225"><failure message="AssertionError: {&quot;detail&quot;:[{&quot;type&quot;:&quot;value_error&quot;,&quot;loc&quot;:[&quot;body&quot;,&quot;email&quot;],&quot;msg&quot;:&quot;value is not a valid email address: The part after the @-sign is a special-use or reserved name that cannot be used with email.&quot;,&quot;input&quot;:&quot;test_9abe39cb@example.test&quot;,&quot;ctx&quot;:{&quot;reason&quot;:&quot;The part after the @-sign is a special-use or reserved name that cannot be used with email.&quot;}}]}&#10;assert 422 == 200&#10; +  where 422 = &lt;Response [422]&gt;.status_code">backend/tests/test_saas.py:58: in test_register_clinic_creates_owner_and_trial
    assert r.status_code == 200, r.text
E   AssertionError: {"detail":[{"type":"value_error","loc":["body","email"],"msg":"value is not a valid email address: The part after the @-sign is a special-use or reserved name that cannot be used with email.","input":"test_9abe39cb@example.test","ctx":{"reason":"The part after the @-sign is a special-use or reserved name that cannot be used with email."}}]}
E   assert 422 == 200
E    +  where 422 = &lt;Response [422]&gt;.status_code</failure></testcase><testcase classname="backend.tests.test_saas.TestRegisterClinic" name="test_register_duplicate_email_409" time="0.202" /><testcase classname="backend.tests.test_saas.TestSeededLogins" name="test_login_and_clinic_me[owner@cantikbeauty.id]" time="0.662" /><testcase classname="backend.tests.test_saas.TestSeededLogins" name="test_login_and_clinic_me[owner@glowclinic.id]" time="0.711" /><testcase classname="backend.tests.test_saas.TestSeededLogins" name="test_login_and_clinic_me[owner@luminabali.id]" time="0.598" /><testcase classname="backend.tests.test_saas.TestSeededLogins" name="test_login_and_clinic_me[owner@renaskin.id]" time="0.635" /><testcase classname="backend.tests.test_saas.TestSeededLogins" name="test_super_admin_can_update_clinic" time="0.825" /><testcase classname="backend.tests.test_saas.TestTenantIsolation" name="test_cantik_cannot_see_lumina_patients" time="1.388" /><testcase classname="backend.tests.test_saas.TestRenaTrialCountdown" name="test_rena_skin_is_trial_with_trial_end" time="0.709" /></testsuite></testsuites>