<?xml version="1.0" encoding="utf-8"?><testsuites name="pytest tests"><testsuite name="pytest" errors="0" failures="0" skipped="0" tests="15" time="12.229" timestamp="2026-05-08T10:57:00.469127+00:00" hostname="agent-env-e46c6591-2825-4cb8-add3-3a201ae2c7a1"><testcase classname="backend.tests.test_admin_settings.TestPublicBranding" name="test_branding_no_auth" time="0.227" /><testcase classname="backend.tests.test_admin_settings.TestSettingsGet" name="test_settings_requires_auth" time="0.190" /><testcase classname="backend.tests.test_admin_settings.TestSettingsGet" name="test_settings_returns_full_doc" time="3.169" /><testcase classname="backend.tests.test_admin_settings.TestSettingsRBAC" name="test_non_admin_forbidden[doctor]" time="0.173" /><testcase classname="backend.tests.test_admin_settings.TestSettingsRBAC" name="test_non_admin_forbidden[therapist]" time="0.184" /><testcase classname="backend.tests.test_admin_settings.TestSettingsRBAC" name="test_non_admin_forbidden[fo]" time="0.180" /><testcase classname="backend.tests.test_admin_settings.TestSettingsRBAC" name="test_non_admin_forbidden[manager]" time="0.160" /><testcase classname="backend.tests.test_admin_settings.TestSettingsPersist" name="test_persist_branding" time="0.927" /><testcase classname="backend.tests.test_admin_settings.TestSettingsPersist" name="test_persist_form_config" time="0.677" /><testcase classname="backend.tests.test_admin_settings.TestSettingsPersist" name="test_persist_mapping_templates" time="0.768" /><testcase classname="backend.tests.test_admin_settings.TestLogoUpload" name="test_logo_rbac" time="0.171" /><testcase classname="backend.tests.test_admin_settings.TestLogoUpload" name="test_logo_upload_and_public_serve" time="0.984" /><testcase classname="backend.tests.test_admin_settings.TestAdminUsers" name="test_create_user_rbac" time="0.208" /><testcase classname="backend.tests.test_admin_settings.TestAdminUsers" name="test_create_update_delete_user" time="3.582" /><testcase classname="backend.tests.test_admin_settings.TestAdminUsers" name="test_cannot_delete_self" time="0.323" /></testsuite></testsuites>