<?xml version="1.0" encoding="utf-8"?><testsuites name="pytest tests"><testsuite name="pytest" errors="0" failures="1" skipped="0" tests="64" time="95.916" timestamp="2026-05-13T17:12:38.224427+00:00" hostname="agent-env-e46c6591-2825-4cb8-add3-3a201ae2c7a1"><testcase classname="backend.tests.test_saas.TestPlans" name="test_get_plans_returns_three" time="0.341" /><testcase classname="backend.tests.test_saas.TestRegisterClinic" name="test_register_clinic_creates_owner_and_trial" time="0.608" /><testcase classname="backend.tests.test_saas.TestRegisterClinic" name="test_register_duplicate_email_409" time="0.149" /><testcase classname="backend.tests.test_saas.TestSeededLogins" name="test_login_and_clinic_me[owner@cantikbeauty.id]" time="0.706" /><testcase classname="backend.tests.test_saas.TestSeededLogins" name="test_login_and_clinic_me[owner@glowclinic.id]" time="0.775" /><testcase classname="backend.tests.test_saas.TestSeededLogins" name="test_login_and_clinic_me[owner@luminabali.id]" time="0.627" /><testcase classname="backend.tests.test_saas.TestSeededLogins" name="test_login_and_clinic_me[owner@renaskin.id]" time="0.712" /><testcase classname="backend.tests.test_saas.TestSeededLogins" name="test_super_admin_can_update_clinic" time="0.827" /><testcase classname="backend.tests.test_saas.TestTenantIsolation" name="test_cantik_cannot_see_lumina_patients" time="1.381" /><testcase classname="backend.tests.test_saas.TestRenaTrialCountdown" name="test_rena_skin_is_trial_with_trial_end" time="0.630" /><testcase classname="backend.tests.backend_test.TestAuth" name="test_all_roles_login" time="2.361" /><testcase classname="backend.tests.backend_test.TestAuth" name="test_login_invalid" time="0.441" /><testcase classname="backend.tests.backend_test.TestAuth" name="test_me" time="2.456" /><testcase classname="backend.tests.backend_test.TestAuth" name="test_me_no_token" time="0.172" /><testcase classname="backend.tests.backend_test.TestAuth" name="test_logout" time="0.176" /><testcase classname="backend.tests.backend_test.TestRBAC" name="test_doctor_cannot_create_patient" time="0.220" /><testcase classname="backend.tests.backend_test.TestRBAC" name="test_therapist_cannot_create_patient" time="0.213" /><testcase classname="backend.tests.backend_test.TestRBAC" name="test_manager_cannot_create_patient" time="0.174" /><testcase classname="backend.tests.backend_test.TestRBAC" name="test_doctor_cannot_view_audit" time="0.157" /><testcase classname="backend.tests.backend_test.TestRBAC" name="test_manager_can_view_audit" time="0.203" /><testcase classname="backend.tests.backend_test.TestRBAC" name="test_therapist_cannot_edit_clinical" time="0.539" /><testcase classname="backend.tests.backend_test.TestRBAC" name="test_fo_cannot_edit_clinical" time="0.196" /><testcase classname="backend.tests.backend_test.TestPatients" name="test_list_patients" time="0.223" /><testcase classname="backend.tests.backend_test.TestPatients" name="test_search_patients" time="0.193" /><testcase classname="backend.tests.backend_test.TestPatients" name="test_get_patient" time="0.156" /><testcase classname="backend.tests.backend_test.TestPatients" name="test_update_patient" time="0.347" /><testcase classname="backend.tests.backend_test.TestPatients" name="test_get_patient_404" time="0.152" /><testcase classname="backend.tests.backend_test.TestVisits" name="test_list_visits" time="0.183" /><testcase classname="backend.tests.backend_test.TestVisits" name="test_get_visit_no_billing_field" time="0.166" /><testcase classname="backend.tests.backend_test.TestVisits" name="test_migration_no_legacy_statuses" time="0.274" /><testcase classname="backend.tests.backend_test.TestClinical" name="test_save_then_submit_doctor_status_unchanged" time="0.542" /><testcase classname="backend.tests.backend_test.TestClinical" name="test_doctor_cannot_edit_after_submit" time="0.208" /><testcase classname="backend.tests.backend_test.TestClinical" name="test_super_admin_can_edit_after_submit" time="0.214" /><testcase classname="backend.tests.backend_test.TestTherapist" name="test_save_and_submit_status_unchanged" time="0.797" /><testcase classname="backend.tests.backend_test.TestTherapist" name="test_therapist_cannot_edit_after_submit" time="0.159" /><testcase classname="backend.tests.backend_test.TestTreatments" name="test_add_and_delete" time="0.565" /><testcase classname="backend.tests.backend_test.TestPhotos" name="test_upload_and_serve" time="1.092" /><testcase classname="backend.tests.backend_test.TestMapping" name="test_save" time="0.219" /><testcase classname="backend.tests.backend_test.TestBillingRemoved" name="test_pending_billing_endpoint_removed" time="0.178" /><testcase classname="backend.tests.backend_test.TestBillingRemoved" name="test_billing_put_endpoint_removed" time="0.183" /><testcase classname="backend.tests.backend_test.TestVisitStatus" name="test_fo_can_mark_completed" time="0.814" /><testcase classname="backend.tests.backend_test.TestVisitStatus" name="test_super_admin_can_mark_completed" time="0.632" /><testcase classname="backend.tests.backend_test.TestVisitStatus" name="test_doctor_cannot_change_status" time="0.594" /><testcase classname="backend.tests.backend_test.TestVisitStatus" name="test_therapist_cannot_change_status" time="0.516" /><testcase classname="backend.tests.backend_test.TestVisitStatus" name="test_manager_cannot_change_status" time="0.512" /><testcase classname="backend.tests.backend_test.TestVisitStatus" name="test_reopen_completed_visit" time="0.968" /><testcase classname="backend.tests.backend_test.TestVisitStatus" name="test_invalid_status_returns_400" time="0.530" /><testcase classname="backend.tests.backend_test.TestMisc" name="test_timeline_no_billing" time="0.241" /><testcase classname="backend.tests.backend_test.TestMisc" name="test_stats_new_keys" time="0.204" /><testcase classname="backend.tests.test_admin_settings.TestPublicBranding" name="test_branding_no_auth" time="0.206" /><testcase classname="backend.tests.test_admin_settings.TestSettingsGet" name="test_settings_requires_auth" time="0.193" /><testcase classname="backend.tests.test_admin_settings.TestSettingsGet" name="test_settings_returns_full_doc" time="2.787" /><testcase classname="backend.tests.test_admin_settings.TestSettingsRBAC" name="test_non_admin_forbidden[doctor]" time="0.154" /><testcase classname="backend.tests.test_admin_settings.TestSettingsRBAC" name="test_non_admin_forbidden[therapist]" time="0.204" /><testcase classname="backend.tests.test_admin_settings.TestSettingsRBAC" name="test_non_admin_forbidden[fo]" time="0.199" /><testcase classname="backend.tests.test_admin_settings.TestSettingsRBAC" name="test_non_admin_forbidden[manager]" time="0.176" /><testcase classname="backend.tests.test_admin_settings.TestSettingsPersist" name="test_persist_branding" time="30.350"><failure message="requests.exceptions.ConnectTimeout: HTTPSConnectionPool(host='aesthetic-records.preview.emergentagent.com', port=443): Max retries exceeded with url: /api/settings (Caused by ConnectTimeoutError(&lt;HTTPSConnection(host='aesthetic-records.preview.emergentagent.com', port=443) at 0x7dc9b28048d0&gt;, 'Connection to aesthetic-records.preview.emergentagent.com timed out. (connect timeout=15)'))">E   TimeoutError: timed out

The above exception was the direct cause of the following exception:
E   urllib3.exceptions.ConnectTimeoutError: (&lt;HTTPSConnection(host='aesthetic-records.preview.emergentagent.com', port=443) at 0x7dc9b28048d0&gt;, 'Connection to aesthetic-records.preview.emergentagent.com timed out. (connect timeout=15)')

The above exception was the direct cause of the following exception:
E   urllib3.exceptions.MaxRetryError: HTTPSConnectionPool(host='aesthetic-records.preview.emergentagent.com', port=443): Max retries exceeded with url: /api/settings (Caused by ConnectTimeoutError(&lt;HTTPSConnection(host='aesthetic-records.preview.emergentagent.com', port=443) at 0x7dc9b28048d0&gt;, 'Connection to aesthetic-records.preview.emergentagent.com timed out. (connect timeout=15)'))

During handling of the above exception, another exception occurred:
E   requests.exceptions.ConnectTimeout: HTTPSConnectionPool(host='aesthetic-records.preview.emergentagent.com', port=443): Max retries exceeded with url: /api/settings (Caused by ConnectTimeoutError(&lt;HTTPSConnection(host='aesthetic-records.preview.emergentagent.com', port=443) at 0x7dc9b28048d0&gt;, 'Connection to aesthetic-records.preview.emergentagent.com timed out. (connect timeout=15)'))</failure></testcase><testcase classname="backend.tests.test_admin_settings.TestSettingsPersist" name="test_persist_form_config" time="31.037" /><testcase classname="backend.tests.test_admin_settings.TestSettingsPersist" name="test_persist_mapping_templates" time="0.685" /><testcase classname="backend.tests.test_admin_settings.TestLogoUpload" name="test_logo_rbac" time="0.152" /><testcase classname="backend.tests.test_admin_settings.TestLogoUpload" name="test_logo_upload_and_public_serve" time="0.905" /><testcase classname="backend.tests.test_admin_settings.TestAdminUsers" name="test_create_user_rbac" time="0.156" /><testcase classname="backend.tests.test_admin_settings.TestAdminUsers" name="test_create_update_delete_user" time="2.875" /><testcase classname="backend.tests.test_admin_settings.TestAdminUsers" name="test_cannot_delete_self" time="0.381" /></testsuite></testsuites>