<?xml version="1.0" encoding="utf-8"?><testsuites name="pytest tests"><testsuite name="pytest" errors="0" failures="0" skipped="0" tests="47" time="22.605" timestamp="2026-05-08T11:07:30.571937+00:00" hostname="agent-env-e46c6591-2825-4cb8-add3-3a201ae2c7a1"><testcase classname="backend.tests.backend_test.TestAuth" name="test_all_roles_login" time="2.257" /><testcase classname="backend.tests.backend_test.TestAuth" name="test_login_invalid" time="0.434" /><testcase classname="backend.tests.backend_test.TestAuth" name="test_me" time="2.217" /><testcase classname="backend.tests.backend_test.TestAuth" name="test_me_no_token" time="0.126" /><testcase classname="backend.tests.backend_test.TestAuth" name="test_logout" time="0.149" /><testcase classname="backend.tests.backend_test.TestRBAC" name="test_doctor_cannot_create_patient" time="0.154" /><testcase classname="backend.tests.backend_test.TestRBAC" name="test_therapist_cannot_create_patient" time="0.123" /><testcase classname="backend.tests.backend_test.TestRBAC" name="test_manager_cannot_create_patient" time="0.165" /><testcase classname="backend.tests.backend_test.TestRBAC" name="test_doctor_cannot_view_audit" time="0.119" /><testcase classname="backend.tests.backend_test.TestRBAC" name="test_manager_can_view_audit" time="0.155" /><testcase classname="backend.tests.backend_test.TestRBAC" name="test_therapist_cannot_edit_clinical" time="0.432" /><testcase classname="backend.tests.backend_test.TestRBAC" name="test_fo_cannot_edit_clinical" time="0.117" /><testcase classname="backend.tests.backend_test.TestPatients" name="test_list_patients" time="0.157" /><testcase classname="backend.tests.backend_test.TestPatients" name="test_search_patients" time="0.125" /><testcase classname="backend.tests.backend_test.TestPatients" name="test_get_patient" time="0.145" /><testcase classname="backend.tests.backend_test.TestPatients" name="test_update_patient" time="0.264" /><testcase classname="backend.tests.backend_test.TestPatients" name="test_get_patient_404" time="0.200" /><testcase classname="backend.tests.backend_test.TestVisits" name="test_list_visits" time="0.183" /><testcase classname="backend.tests.backend_test.TestVisits" name="test_get_visit_enriched" time="0.134" /><testcase classname="backend.tests.backend_test.TestClinical" name="test_save_then_submit_doctor" time="0.460" /><testcase classname="backend.tests.backend_test.TestClinical" name="test_doctor_cannot_edit_after_submit" time="0.146" /><testcase classname="backend.tests.backend_test.TestClinical" name="test_super_admin_can_edit_after_submit" time="0.141" /><testcase classname="backend.tests.backend_test.TestTherapist" name="test_save_and_submit" time="0.408" /><testcase classname="backend.tests.backend_test.TestTherapist" name="test_therapist_cannot_edit_after_submit" time="0.172" /><testcase classname="backend.tests.backend_test.TestTreatments" name="test_add_and_delete" time="0.464" /><testcase classname="backend.tests.backend_test.TestPhotos" name="test_upload_and_serve" time="0.671" /><testcase classname="backend.tests.backend_test.TestMapping" name="test_save" time="0.210" /><testcase classname="backend.tests.backend_test.TestBilling" name="test_pending_billing_includes_visit" time="0.531" /><testcase classname="backend.tests.backend_test.TestBilling" name="test_billing_calculation_and_paid_status" time="0.300" /><testcase classname="backend.tests.backend_test.TestBilling" name="test_doctor_cannot_bill" time="0.146" /><testcase classname="backend.tests.backend_test.TestMisc" name="test_timeline" time="0.132" /><testcase classname="backend.tests.backend_test.TestMisc" name="test_stats" time="0.146" /><testcase classname="backend.tests.test_admin_settings.TestPublicBranding" name="test_branding_no_auth" time="0.116" /><testcase classname="backend.tests.test_admin_settings.TestSettingsGet" name="test_settings_requires_auth" time="0.121" /><testcase classname="backend.tests.test_admin_settings.TestSettingsGet" name="test_settings_returns_full_doc" time="2.771" /><testcase classname="backend.tests.test_admin_settings.TestSettingsRBAC" name="test_non_admin_forbidden[doctor]" time="0.210" /><testcase classname="backend.tests.test_admin_settings.TestSettingsRBAC" name="test_non_admin_forbidden[therapist]" time="0.142" /><testcase classname="backend.tests.test_admin_settings.TestSettingsRBAC" name="test_non_admin_forbidden[fo]" time="0.154" /><testcase classname="backend.tests.test_admin_settings.TestSettingsRBAC" name="test_non_admin_forbidden[manager]" time="0.489" /><testcase classname="backend.tests.test_admin_settings.TestSettingsPersist" name="test_persist_branding" time="1.305" /><testcase classname="backend.tests.test_admin_settings.TestSettingsPersist" name="test_persist_form_config" time="0.603" /><testcase classname="backend.tests.test_admin_settings.TestSettingsPersist" name="test_persist_mapping_templates" time="0.583" /><testcase classname="backend.tests.test_admin_settings.TestLogoUpload" name="test_logo_rbac" time="0.117" /><testcase classname="backend.tests.test_admin_settings.TestLogoUpload" name="test_logo_upload_and_public_serve" time="0.901" /><testcase classname="backend.tests.test_admin_settings.TestAdminUsers" name="test_create_user_rbac" time="0.130" /><testcase classname="backend.tests.test_admin_settings.TestAdminUsers" name="test_create_update_delete_user" time="2.722" /><testcase classname="backend.tests.test_admin_settings.TestAdminUsers" name="test_cannot_delete_self" time="0.258" /></testsuite></testsuites>