<?xml version="1.0" encoding="utf-8"?><testsuites name="pytest tests"><testsuite name="pytest" errors="0" failures="0" skipped="0" tests="39" time="15.280" timestamp="2026-05-11T00:41:16.114317+00:00" hostname="agent-env-e46c6591-2825-4cb8-add3-3a201ae2c7a1"><testcase classname="backend.tests.backend_test.TestAuth" name="test_all_roles_login" time="2.413" /><testcase classname="backend.tests.backend_test.TestAuth" name="test_login_invalid" time="0.433" /><testcase classname="backend.tests.backend_test.TestAuth" name="test_me" time="2.232" /><testcase classname="backend.tests.backend_test.TestAuth" name="test_me_no_token" time="0.156" /><testcase classname="backend.tests.backend_test.TestAuth" name="test_logout" time="0.209" /><testcase classname="backend.tests.backend_test.TestRBAC" name="test_doctor_cannot_create_patient" time="0.128" /><testcase classname="backend.tests.backend_test.TestRBAC" name="test_therapist_cannot_create_patient" time="0.135" /><testcase classname="backend.tests.backend_test.TestRBAC" name="test_manager_cannot_create_patient" time="0.132" /><testcase classname="backend.tests.backend_test.TestRBAC" name="test_doctor_cannot_view_audit" time="0.142" /><testcase classname="backend.tests.backend_test.TestRBAC" name="test_manager_can_view_audit" time="0.214" /><testcase classname="backend.tests.backend_test.TestRBAC" name="test_therapist_cannot_edit_clinical" time="0.409" /><testcase classname="backend.tests.backend_test.TestRBAC" name="test_fo_cannot_edit_clinical" time="0.135" /><testcase classname="backend.tests.backend_test.TestPatients" name="test_list_patients" time="0.151" /><testcase classname="backend.tests.backend_test.TestPatients" name="test_search_patients" time="0.139" /><testcase classname="backend.tests.backend_test.TestPatients" name="test_get_patient" time="0.145" /><testcase classname="backend.tests.backend_test.TestPatients" name="test_update_patient" time="0.269" /><testcase classname="backend.tests.backend_test.TestPatients" name="test_get_patient_404" time="0.145" /><testcase classname="backend.tests.backend_test.TestVisits" name="test_list_visits" time="0.130" /><testcase classname="backend.tests.backend_test.TestVisits" name="test_get_visit_no_billing_field" time="0.141" /><testcase classname="backend.tests.backend_test.TestVisits" name="test_migration_no_legacy_statuses" time="0.145" /><testcase classname="backend.tests.backend_test.TestClinical" name="test_save_then_submit_doctor_status_unchanged" time="0.411" /><testcase classname="backend.tests.backend_test.TestClinical" name="test_doctor_cannot_edit_after_submit" time="0.149" /><testcase classname="backend.tests.backend_test.TestClinical" name="test_super_admin_can_edit_after_submit" time="0.137" /><testcase classname="backend.tests.backend_test.TestTherapist" name="test_save_and_submit_status_unchanged" time="0.564" /><testcase classname="backend.tests.backend_test.TestTherapist" name="test_therapist_cannot_edit_after_submit" time="0.141" /><testcase classname="backend.tests.backend_test.TestTreatments" name="test_add_and_delete" time="0.431" /><testcase classname="backend.tests.backend_test.TestPhotos" name="test_upload_and_serve" time="0.779" /><testcase classname="backend.tests.backend_test.TestMapping" name="test_save" time="0.166" /><testcase classname="backend.tests.backend_test.TestBillingRemoved" name="test_pending_billing_endpoint_removed" time="0.195" /><testcase classname="backend.tests.backend_test.TestBillingRemoved" name="test_billing_put_endpoint_removed" time="0.134" /><testcase classname="backend.tests.backend_test.TestVisitStatus" name="test_fo_can_mark_completed" time="0.580" /><testcase classname="backend.tests.backend_test.TestVisitStatus" name="test_super_admin_can_mark_completed" time="0.446" /><testcase classname="backend.tests.backend_test.TestVisitStatus" name="test_doctor_cannot_change_status" time="0.404" /><testcase classname="backend.tests.backend_test.TestVisitStatus" name="test_therapist_cannot_change_status" time="0.379" /><testcase classname="backend.tests.backend_test.TestVisitStatus" name="test_manager_cannot_change_status" time="0.392" /><testcase classname="backend.tests.backend_test.TestVisitStatus" name="test_reopen_completed_visit" time="0.995" /><testcase classname="backend.tests.backend_test.TestVisitStatus" name="test_invalid_status_returns_400" time="0.453" /><testcase classname="backend.tests.backend_test.TestMisc" name="test_timeline_no_billing" time="0.141" /><testcase classname="backend.tests.backend_test.TestMisc" name="test_stats_new_keys" time="0.141" /></testsuite></testsuites>