<?xml version="1.0" encoding="utf-8"?><testsuites name="pytest tests"><testsuite name="pytest" errors="0" failures="0" skipped="0" tests="17" time="55.207" timestamp="2026-05-28T06:06:52.550995+00:00" hostname="agent-env-e46c6591-2825-4cb8-add3-3a201ae2c7a1"><testcase classname="backend.tests.test_clinicos_features.TestMeQueueRoles" name="test_doctor_queue_structure" time="1.336" /><testcase classname="backend.tests.test_clinicos_features.TestMeQueueRoles" name="test_therapist_queue_structure" time="1.175" /><testcase classname="backend.tests.test_clinicos_features.TestMeQueueRoles" name="test_fo_queue_structure" time="1.189" /><testcase classname="backend.tests.test_clinicos_features.TestMeQueueRoles" name="test_manager_queue_summary_cards" time="1.103" /><testcase classname="backend.tests.test_clinicos_features.TestMeQueueRoles" name="test_owner_queue_summary_cards" time="1.236" /><testcase classname="backend.tests.test_clinicos_features.TestTreatmentsCatalogCRUD" name="test_get_returns_seeded_min_eight" time="1.112" /><testcase classname="backend.tests.test_clinicos_features.TestTreatmentsCatalogCRUD" name="test_get_active_only_filter" time="1.470" /><testcase classname="backend.tests.test_clinicos_features.TestTreatmentsCatalogCRUD" name="test_doctor_cannot_create" time="1.026" /><testcase classname="backend.tests.test_clinicos_features.TestTreatmentsCatalogCRUD" name="test_therapist_cannot_create" time="0.982" /><testcase classname="backend.tests.test_clinicos_features.TestTreatmentsCatalogCRUD" name="test_owner_fo_manager_full_crud" time="33.948" /><testcase classname="backend.tests.test_clinicos_features.TestTreatmentsCatalogCRUD" name="test_tenant_isolation_treatments" time="2.130" /><testcase classname="backend.tests.test_clinicos_features.TestPublicTreatmentsFromDb" name="test_public_glow_treatments_has_8_with_categories" time="0.247" /><testcase classname="backend.tests.test_clinicos_features.TestAvailabilityCapacity" name="test_slots_per_session_capacity" time="3.342" /><testcase classname="backend.tests.test_clinicos_features.TestPatientStatsAndTx" name="test_patient_stats_structure" time="1.244" /><testcase classname="backend.tests.test_clinicos_features.TestPatientStatsAndTx" name="test_patient_transactions_subtotal_math" time="0.226" /><testcase classname="backend.tests.test_clinicos_features.TestPatientStatsAndTx" name="test_at_least_one_patient_with_spend" time="1.522" /><testcase classname="backend.tests.test_clinicos_features.TestPatientStatsAndTx" name="test_cross_tenant_patient_404" time="1.328" /></testsuite></testsuites>