<?xml version="1.0" encoding="utf-8"?><testsuites name="pytest tests"><testsuite name="pytest" errors="0" failures="0" skipped="0" tests="12" time="5.335" timestamp="2026-05-28T05:21:22.389654+00:00" hostname="agent-env-e46c6591-2825-4cb8-add3-3a201ae2c7a1"><testcase classname="backend.tests.test_platform_settings.TestPublicConfig" name="test_public_no_auth" time="0.330" /><testcase classname="backend.tests.test_platform_settings.TestPublicConfig" name="test_inactive_bank_hidden_from_public" time="0.769" /><testcase classname="backend.tests.test_platform_settings.TestAccessControl" name="test_sa_settings_requires_platform_admin" time="0.605" /><testcase classname="backend.tests.test_platform_settings.TestAccessControl" name="test_sa_settings_put_requires_platform_admin" time="0.187" /><testcase classname="backend.tests.test_platform_settings.TestAccessControl" name="test_public_config_no_auth" time="0.151" /><testcase classname="backend.tests.test_platform_settings.TestSettingsCrud" name="test_get_returns_full_doc" time="0.138" /><testcase classname="backend.tests.test_platform_settings.TestSettingsCrud" name="test_partial_update_platform_name" time="0.458" /><testcase classname="backend.tests.test_platform_settings.TestSettingsCrud" name="test_partial_update_support_whatsapp_reflects_in_platform_support" time="0.525" /><testcase classname="backend.tests.test_platform_settings.TestSettingsCrud" name="test_banks_id_normalization" time="0.571" /><testcase classname="backend.tests.test_platform_settings.TestPlanOverrides" name="test_plan_override_merges_into_plans_endpoint" time="0.618" /><testcase classname="backend.tests.test_platform_settings.TestPlanOverrides" name="test_plan_override_max_staff_storage" time="0.434" /><testcase classname="backend.tests.test_platform_settings.TestPaymentsProof" name="test_payments_include_proof_content_type" time="0.307" /></testsuite></testsuites>