<?xml version="1.0" encoding="utf-8"?><testsuites name="pytest tests"><testsuite name="pytest" errors="0" failures="0" skipped="0" tests="18" time="11.019" timestamp="2026-05-13T17:40:59.546739+00:00" hostname="agent-env-e46c6591-2825-4cb8-add3-3a201ae2c7a1"><testcase classname="backend.tests.test_bookings.TestPublicTreatments" name="test_get_treatments_returns_clinic_and_treatments" time="0.356" /><testcase classname="backend.tests.test_bookings.TestPublicTreatments" name="test_unknown_slug_404" time="0.229" /><testcase classname="backend.tests.test_bookings.TestPublicAvailability" name="test_availability_30min_grid" time="0.194" /><testcase classname="backend.tests.test_bookings.TestPublicAvailability" name="test_availability_invalid_date_400" time="0.213" /><testcase classname="backend.tests.test_bookings.TestPublicCreateBooking" name="test_create_booking_in_past_400" time="0.224" /><testcase classname="backend.tests.test_bookings.TestPublicCreateBooking" name="test_create_booking_and_conflict_409" time="0.465" /><testcase classname="backend.tests.test_bookings.TestAuthRequired" name="test_unauth_401[/bookings]" time="0.194" /><testcase classname="backend.tests.test_bookings.TestAuthRequired" name="test_unauth_401[/wa-templates]" time="0.248" /><testcase classname="backend.tests.test_bookings.TestAuthRequired" name="test_unauth_401[/treatments-catalog]" time="0.178" /><testcase classname="backend.tests.test_bookings.TestAuthRequired" name="test_unauth_401[/dashboard/owner]" time="0.174" /><testcase classname="backend.tests.test_bookings.TestFOBookings" name="test_list_bookings_scoped" time="0.708" /><testcase classname="backend.tests.test_bookings.TestFOBookings" name="test_create_manual_fo_booking_and_status_flow" time="1.935" /><testcase classname="backend.tests.test_bookings.TestFOBookings" name="test_wa_sent_persists_history" time="1.056" /><testcase classname="backend.tests.test_bookings.TestFOBookings" name="test_cancel_booking" time="1.016" /><testcase classname="backend.tests.test_bookings.TestBookingTenantIsolation" name="test_cantik_booking_not_visible_to_glow" time="1.437" /><testcase classname="backend.tests.test_bookings.TestWaTemplates" name="test_default_three_templates" time="0.620" /><testcase classname="backend.tests.test_bookings.TestTreatmentsCatalog" name="test_auth_returns_catalog" time="0.738" /><testcase classname="backend.tests.test_bookings.TestOwnerDashboard" name="test_owner_dashboard_keys" time="0.714" /></testsuite></testsuites>