<?xml version="1.0" encoding="utf-8"?><testsuites name="pytest tests"><testsuite name="pytest" errors="2" failures="5" skipped="0" tests="68" time="94.461" timestamp="2026-05-28T06:33:27.689595+00:00" hostname="agent-env-e46c6591-2825-4cb8-add3-3a201ae2c7a1"><testcase classname="backend.tests.test_bookings.TestPublicTreatments" name="test_get_treatments_returns_clinic_and_treatments" time="0.207" /><testcase classname="backend.tests.test_bookings.TestPublicTreatments" name="test_unknown_slug_404" time="0.147" /><testcase classname="backend.tests.test_bookings.TestPublicAvailability" name="test_availability_30min_grid" time="0.143" /><testcase classname="backend.tests.test_bookings.TestPublicAvailability" name="test_availability_invalid_date_400" time="0.134" /><testcase classname="backend.tests.test_bookings.TestPublicCreateBooking" name="test_create_booking_in_past_400" time="0.129" /><testcase classname="backend.tests.test_bookings.TestPublicCreateBooking" name="test_create_booking_and_conflict_409" time="0.133"><failure message="AssertionError: {&quot;detail&quot;:&quot;Slot just got taken — please pick another&quot;}&#10;assert 409 == 200&#10; +  where 409 = &lt;Response [409]&gt;.status_code">E   AssertionError: {"detail":"Slot just got taken — please pick another"}
    assert 409 == 200
     +  where 409 = &lt;Response [409]&gt;.status_code</failure></testcase><testcase classname="backend.tests.test_bookings.TestAuthRequired" name="test_unauth_401[/bookings]" time="0.146" /><testcase classname="backend.tests.test_bookings.TestAuthRequired" name="test_unauth_401[/wa-templates]" time="0.144" /><testcase classname="backend.tests.test_bookings.TestAuthRequired" name="test_unauth_401[/treatments-catalog]" time="0.139" /><testcase classname="backend.tests.test_bookings.TestAuthRequired" name="test_unauth_401[/dashboard/owner]" time="0.146" /><testcase classname="backend.tests.test_bookings.TestFOBookings" name="test_list_bookings_scoped" time="0.614" /><testcase classname="backend.tests.test_bookings.TestFOBookings" name="test_create_manual_fo_booking_and_status_flow" time="1.618" /><testcase classname="backend.tests.test_bookings.TestFOBookings" name="test_wa_sent_persists_history" time="0.624"><failure message="AssertionError: {&quot;detail&quot;:&quot;Slot unavailable — capacity reached or overlapping booking&quot;}&#10;assert 409 == 200&#10; +  where 409 = &lt;Response [409]&gt;.status_code">E   AssertionError: {"detail":"Slot unavailable — capacity reached or overlapping booking"}
    assert 409 == 200
     +  where 409 = &lt;Response [409]&gt;.status_code</failure></testcase><testcase classname="backend.tests.test_bookings.TestFOBookings" name="test_cancel_booking" time="0.974" /><testcase classname="backend.tests.test_bookings.TestBookingTenantIsolation" name="test_cantik_booking_not_visible_to_glow" time="0.590"><failure message="assert 409 == 200&#10; +  where 409 = &lt;Response [409]&gt;.status_code">E   assert 409 == 200
     +  where 409 = &lt;Response [409]&gt;.status_code</failure></testcase><testcase classname="backend.tests.test_bookings.TestWaTemplates" name="test_default_three_templates" time="0.584" /><testcase classname="backend.tests.test_bookings.TestTreatmentsCatalog" name="test_auth_returns_catalog" time="0.569" /><testcase classname="backend.tests.test_bookings.TestOwnerDashboard" name="test_owner_dashboard_keys" time="0.593" /><testcase classname="backend.tests.test_saas.TestPlans" name="test_get_plans_returns_three" time="0.168" /><testcase classname="backend.tests.test_saas.TestRegisterClinic" name="test_register_clinic_creates_owner_and_trial" time="0.622" /><testcase classname="backend.tests.test_saas.TestRegisterClinic" name="test_register_duplicate_email_409" time="0.144" /><testcase classname="backend.tests.test_saas.TestSeededLogins" name="test_login_and_clinic_me[owner@cantikbeauty.id]" time="0.571" /><testcase classname="backend.tests.test_saas.TestSeededLogins" name="test_login_and_clinic_me[owner@glowclinic.id]" time="0.593" /><testcase classname="backend.tests.test_saas.TestSeededLogins" name="test_login_and_clinic_me[owner@luminabali.id]" time="0.664" /><testcase classname="backend.tests.test_saas.TestSeededLogins" name="test_login_and_clinic_me[owner@renaskin.id]" time="0.583"><failure message="AssertionError: assert 'active' == 'trial'&#10;  &#10;  - trial&#10;  + active">E   AssertionError: assert 'active' == 'trial'
      
      - trial
      + active</failure></testcase><testcase classname="backend.tests.test_saas.TestSeededLogins" name="test_super_admin_can_update_clinic" time="0.735" /><testcase classname="backend.tests.test_saas.TestTenantIsolation" name="test_cantik_cannot_see_lumina_patients" time="1.212" /><testcase classname="backend.tests.test_saas.TestRenaTrialCountdown" name="test_rena_skin_is_trial_with_trial_end" time="0.610"><failure message="AssertionError: assert 'active' == 'trial'&#10;  &#10;  - trial&#10;  + active">E   AssertionError: assert 'active' == 'trial'
      
      - trial
      + active</failure></testcase><testcase classname="backend.tests.test_superadmin.TestAccessControl" name="test_dashboard_requires_platform_admin" time="0.702" /><testcase classname="backend.tests.test_superadmin.TestAccessControl" name="test_dashboard_unauth" time="0.136" /><testcase classname="backend.tests.test_superadmin.TestAccessControl" name="test_clinics_list_blocks_owner" time="0.155" /><testcase classname="backend.tests.test_superadmin.TestDashboard" name="test_dashboard_shape" time="0.198" /><testcase classname="backend.tests.test_superadmin.TestDashboard" name="test_dashboard_mrr_matches_active" time="0.463" /><testcase classname="backend.tests.test_superadmin.TestClinics" name="test_list_all" time="0.209" /><testcase classname="backend.tests.test_superadmin.TestClinics" name="test_list_filter_by_plan" time="0.172" /><testcase classname="backend.tests.test_superadmin.TestClinics" name="test_list_search_q" time="0.141" /><testcase classname="backend.tests.test_superadmin.TestClinics" name="test_clinic_detail" time="0.282" /><testcase classname="backend.tests.test_superadmin.TestClinics" name="test_clinic_detail_404" time="0.130" /><testcase classname="backend.tests.test_superadmin.TestSubscription" name="test_change_plan" time="0.443" /><testcase classname="backend.tests.test_superadmin.TestSubscription" name="test_invalid_plan_400" time="0.137" /><testcase classname="backend.tests.test_superadmin.TestSubscription" name="test_invalid_status_400" time="0.144" /><testcase classname="backend.tests.test_superadmin.TestSubscription" name="test_extend_days_trial" time="0.587" /><testcase classname="backend.tests.test_superadmin.TestSubscription" name="test_activate_sets_expiry" time="0.301" /><testcase classname="backend.tests.test_superadmin.TestSubscription" name="test_soft_cancel" time="0.432" /><testcase classname="backend.tests.test_superadmin.TestPaymentFlow" name="test_platform_admin_cannot_submit" time="0.135" /><testcase classname="backend.tests.test_superadmin.TestPaymentFlow" name="test_payment_in_queue" time="1.523" /><testcase classname="backend.tests.test_superadmin.TestPaymentFlow" name="test_unknown_plan_400" time="0.134" /><testcase classname="backend.tests.test_superadmin.TestPaymentFlow" name="test_verify_payment_activates_subscription" time="0.288" /><testcase classname="backend.tests.test_superadmin.TestPaymentFlow" name="test_verify_idempotent" time="0.133" /><testcase classname="backend.tests.test_superadmin.TestPaymentFlow" name="test_reject_payment" time="0.464" /><testcase classname="backend.tests.test_superadmin.TestAnnouncements" name="test_list" time="0.292" /><testcase classname="backend.tests.test_superadmin.TestAnnouncements" name="test_active_for_clinic_user" time="0.135" /><testcase classname="backend.tests.test_superadmin.TestAnnouncements" name="test_active_returns_none_for_platform_admin" time="0.150" /><testcase classname="backend.tests.test_superadmin.TestAnnouncements" name="test_delete" time="0.293" /><testcase classname="backend.tests.test_superadmin.TestMultitenant" name="test_owner_cannot_list_others" time="0.146" /><testcase classname="backend.tests.test_superadmin.TestMultitenant" name="test_owner_cannot_view_other_payments" time="0.142" /><testcase classname="backend.tests.test_platform_settings.TestPublicConfig" name="test_public_no_auth" time="0.278" /><testcase classname="backend.tests.test_platform_settings.TestPublicConfig" name="test_inactive_bank_hidden_from_public" time="20.875" /><testcase classname="backend.tests.test_platform_settings.TestAccessControl" name="test_sa_settings_requires_platform_admin" time="30.146"><error message="failed on setup with &quot;requests.exceptions.ConnectTimeout: HTTPSConnectionPool(host='aesthetic-records.preview.emergentagent.com', port=443): Max retries exceeded with url: /api/auth/login (Caused by ConnectTimeoutError(&lt;HTTPSConnection(host='aesthetic-records.preview.emergentagent.com', port=443) at 0x79f19cd49a10&gt;, 'Connection to aesthetic-records.preview.emergentagent.com timed out. (connect timeout=15)'))&quot;">E   TimeoutError: timed out

The above exception was the direct cause of the following exception:
E   urllib3.exceptions.ConnectTimeoutError: (&lt;HTTPSConnection(host='aesthetic-records.preview.emergentagent.com', port=443) at 0x79f19cd49a10&gt;, 'Connection to aesthetic-records.preview.emergentagent.com timed out. (connect timeout=15)')

The above exception was the direct cause of the following exception:
E   urllib3.exceptions.MaxRetryError: HTTPSConnectionPool(host='aesthetic-records.preview.emergentagent.com', port=443): Max retries exceeded with url: /api/auth/login (Caused by ConnectTimeoutError(&lt;HTTPSConnection(host='aesthetic-records.preview.emergentagent.com', port=443) at 0x79f19cd49a10&gt;, 'Connection to aesthetic-records.preview.emergentagent.com timed out. (connect timeout=15)'))

During handling of the above exception, another exception occurred:
E   requests.exceptions.ConnectTimeout: HTTPSConnectionPool(host='aesthetic-records.preview.emergentagent.com', port=443): Max retries exceeded with url: /api/auth/login (Caused by ConnectTimeoutError(&lt;HTTPSConnection(host='aesthetic-records.preview.emergentagent.com', port=443) at 0x79f19cd49a10&gt;, 'Connection to aesthetic-records.preview.emergentagent.com timed out. (connect timeout=15)'))</error></testcase><testcase classname="backend.tests.test_platform_settings.TestAccessControl" name="test_sa_settings_put_requires_platform_admin" time="0.001"><error message="failed on setup with &quot;requests.exceptions.ConnectTimeout: HTTPSConnectionPool(host='aesthetic-records.preview.emergentagent.com', port=443): Max retries exceeded with url: /api/auth/login (Caused by ConnectTimeoutError(&lt;HTTPSConnection(host='aesthetic-records.preview.emergentagent.com', port=443) at 0x79f19cd49a10&gt;, 'Connection to aesthetic-records.preview.emergentagent.com timed out. (connect timeout=15)'))&quot;">E   TimeoutError: timed out

The above exception was the direct cause of the following exception:
E   urllib3.exceptions.ConnectTimeoutError: (&lt;HTTPSConnection(host='aesthetic-records.preview.emergentagent.com', port=443) at 0x79f19cd49a10&gt;, 'Connection to aesthetic-records.preview.emergentagent.com timed out. (connect timeout=15)')

The above exception was the direct cause of the following exception:
E   urllib3.exceptions.MaxRetryError: HTTPSConnectionPool(host='aesthetic-records.preview.emergentagent.com', port=443): Max retries exceeded with url: /api/auth/login (Caused by ConnectTimeoutError(&lt;HTTPSConnection(host='aesthetic-records.preview.emergentagent.com', port=443) at 0x79f19cd49a10&gt;, 'Connection to aesthetic-records.preview.emergentagent.com timed out. (connect timeout=15)'))

During handling of the above exception, another exception occurred:
E   requests.exceptions.ConnectTimeout: HTTPSConnectionPool(host='aesthetic-records.preview.emergentagent.com', port=443): Max retries exceeded with url: /api/auth/login (Caused by ConnectTimeoutError(&lt;HTTPSConnection(host='aesthetic-records.preview.emergentagent.com', port=443) at 0x79f19cd49a10&gt;, 'Connection to aesthetic-records.preview.emergentagent.com timed out. (connect timeout=15)'))</error></testcase><testcase classname="backend.tests.test_platform_settings.TestAccessControl" name="test_public_config_no_auth" time="0.238" /><testcase classname="backend.tests.test_platform_settings.TestSettingsCrud" name="test_get_returns_full_doc" time="4.254" /><testcase classname="backend.tests.test_platform_settings.TestSettingsCrud" name="test_partial_update_platform_name" time="7.648" /><testcase classname="backend.tests.test_platform_settings.TestSettingsCrud" name="test_partial_update_support_whatsapp_reflects_in_platform_support" time="5.749" /><testcase classname="backend.tests.test_platform_settings.TestSettingsCrud" name="test_banks_id_normalization" time="0.608" /><testcase classname="backend.tests.test_platform_settings.TestPlanOverrides" name="test_plan_override_merges_into_plans_endpoint" time="0.695" /><testcase classname="backend.tests.test_platform_settings.TestPlanOverrides" name="test_plan_override_max_staff_storage" time="0.530" /><testcase classname="backend.tests.test_platform_settings.TestPaymentsProof" name="test_payments_include_proof_content_type" time="1.014" /></testsuite></testsuites>