<?xml version="1.0" encoding="utf-8"?><testsuites name="pytest tests"><testsuite name="pytest" errors="0" failures="0" skipped="0" tests="28" time="50.064" timestamp="2026-05-28T03:57:59.525364+00:00" hostname="agent-env-e46c6591-2825-4cb8-add3-3a201ae2c7a1"><testcase classname="backend.tests.test_superadmin.TestAccessControl" name="test_dashboard_requires_platform_admin" time="16.165" /><testcase classname="backend.tests.test_superadmin.TestAccessControl" name="test_dashboard_unauth" time="6.297" /><testcase classname="backend.tests.test_superadmin.TestAccessControl" name="test_clinics_list_blocks_owner" time="0.210" /><testcase classname="backend.tests.test_superadmin.TestDashboard" name="test_dashboard_shape" time="0.208" /><testcase classname="backend.tests.test_superadmin.TestDashboard" name="test_dashboard_mrr_matches_active" time="0.575" /><testcase classname="backend.tests.test_superadmin.TestClinics" name="test_list_all" time="0.188" /><testcase classname="backend.tests.test_superadmin.TestClinics" name="test_list_filter_by_plan" time="0.157" /><testcase classname="backend.tests.test_superadmin.TestClinics" name="test_list_search_q" time="0.138" /><testcase classname="backend.tests.test_superadmin.TestClinics" name="test_clinic_detail" time="0.309" /><testcase classname="backend.tests.test_superadmin.TestClinics" name="test_clinic_detail_404" time="0.153" /><testcase classname="backend.tests.test_superadmin.TestSubscription" name="test_change_plan" time="0.481" /><testcase classname="backend.tests.test_superadmin.TestSubscription" name="test_invalid_plan_400" time="0.143" /><testcase classname="backend.tests.test_superadmin.TestSubscription" name="test_invalid_status_400" time="0.147" /><testcase classname="backend.tests.test_superadmin.TestSubscription" name="test_extend_days_trial" time="0.673" /><testcase classname="backend.tests.test_superadmin.TestSubscription" name="test_activate_sets_expiry" time="0.304" /><testcase classname="backend.tests.test_superadmin.TestSubscription" name="test_soft_cancel" time="0.480" /><testcase classname="backend.tests.test_superadmin.TestPaymentFlow" name="test_platform_admin_cannot_submit" time="0.142" /><testcase classname="backend.tests.test_superadmin.TestPaymentFlow" name="test_payment_in_queue" time="0.583" /><testcase classname="backend.tests.test_superadmin.TestPaymentFlow" name="test_unknown_plan_400" time="0.163" /><testcase classname="backend.tests.test_superadmin.TestPaymentFlow" name="test_verify_payment_activates_subscription" time="0.329" /><testcase classname="backend.tests.test_superadmin.TestPaymentFlow" name="test_verify_idempotent" time="0.140" /><testcase classname="backend.tests.test_superadmin.TestPaymentFlow" name="test_reject_payment" time="0.571" /><testcase classname="backend.tests.test_superadmin.TestAnnouncements" name="test_list" time="0.345" /><testcase classname="backend.tests.test_superadmin.TestAnnouncements" name="test_active_for_clinic_user" time="0.195" /><testcase classname="backend.tests.test_superadmin.TestAnnouncements" name="test_active_returns_none_for_platform_admin" time="0.175" /><testcase classname="backend.tests.test_superadmin.TestAnnouncements" name="test_delete" time="19.788" /><testcase classname="backend.tests.test_superadmin.TestMultitenant" name="test_owner_cannot_list_others" time="0.208" /><testcase classname="backend.tests.test_superadmin.TestMultitenant" name="test_owner_cannot_view_other_payments" time="0.538" /></testsuite></testsuites>