<?xml version="1.0" encoding="utf-8"?><testsuites name="pytest tests"><testsuite name="pytest" errors="0" failures="0" skipped="0" tests="19" time="11.218" timestamp="2026-05-28T08:36:59.762477+00:00" hostname="agent-env-e46c6591-2825-4cb8-add3-3a201ae2c7a1"><testcase classname="backend.tests.test_phase6_features.TestOperatingHoursAndClosedDays" name="test_fo_can_update_operating_hours_and_closed_dates" time="2.799" /><testcase classname="backend.tests.test_phase6_features.TestOperatingHoursAndClosedDays" name="test_fo_blocked_from_name_and_logo" time="0.368" /><testcase classname="backend.tests.test_phase6_features.TestOperatingHoursAndClosedDays" name="test_manager_blocked_from_name_but_can_edit_loyalty" time="0.319" /><testcase classname="backend.tests.test_phase6_features.TestOperatingHoursAndClosedDays" name="test_public_availability_closed_date" time="0.329" /><testcase classname="backend.tests.test_phase6_features.TestOperatingHoursAndClosedDays" name="test_booking_on_closed_date_returns_409" time="0.869" /><testcase classname="backend.tests.test_phase6_features.TestStaffSchedule" name="test_fo_can_read_schedule" time="0.349" /><testcase classname="backend.tests.test_phase6_features.TestStaffSchedule" name="test_fo_cannot_write_schedule" time="0.186" /><testcase classname="backend.tests.test_phase6_features.TestStaffSchedule" name="test_self_can_write_own_schedule" time="0.162" /><testcase classname="backend.tests.test_phase6_features.TestStaffSchedule" name="test_doctor_restricted_hours_limit_availability" time="1.280" /><testcase classname="backend.tests.test_phase6_features.TestStaffSchedule" name="test_doctor_days_off_blocks_date" time="0.902" /><testcase classname="backend.tests.test_phase6_features.TestStaffSchedule" name="test_therapist_unaffected_by_doctor_schedule" time="0.352" /><testcase classname="backend.tests.test_phase6_features.TestLoyalty" name="test_fo_blocked_from_loyalty_update" time="0.185" /><testcase classname="backend.tests.test_phase6_features.TestLoyalty" name="test_owner_can_update_loyalty" time="0.175" /><testcase classname="backend.tests.test_phase6_features.TestLoyalty" name="test_invalid_loyalty_returns_400" time="0.397" /><testcase classname="backend.tests.test_phase6_features.TestLoyalty" name="test_patient_stats_includes_loyalty_fields" time="0.411" /><testcase classname="backend.tests.test_phase6_features.TestRevenueMonthly" name="test_owner_can_view_revenue" time="0.201" /><testcase classname="backend.tests.test_phase6_features.TestRevenueMonthly" name="test_manager_can_view_revenue" time="0.243" /><testcase classname="backend.tests.test_phase6_features.TestRevenueMonthly" name="test_fo_blocked_from_revenue" time="0.244" /><testcase classname="backend.tests.test_phase6_features" name="test_zzz_cleanup_state" time="1.037" /></testsuite></testsuites>