<?xml version="1.0" encoding="utf-8"?><testsuites name="pytest tests"><testsuite name="pytest" errors="0" failures="0" skipped="0" tests="32" time="14.567" timestamp="2026-05-08T10:19:13.103237+00:00" hostname="agent-env-e46c6591-2825-4cb8-add3-3a201ae2c7a1"><testcase classname="backend.tests.backend_test.TestAuth" name="test_all_roles_login" time="2.635" /><testcase classname="backend.tests.backend_test.TestAuth" name="test_login_invalid" time="0.454" /><testcase classname="backend.tests.backend_test.TestAuth" name="test_me" time="2.710" /><testcase classname="backend.tests.backend_test.TestAuth" name="test_me_no_token" time="0.167" /><testcase classname="backend.tests.backend_test.TestAuth" name="test_logout" time="0.148" /><testcase classname="backend.tests.backend_test.TestRBAC" name="test_doctor_cannot_create_patient" time="0.197" /><testcase classname="backend.tests.backend_test.TestRBAC" name="test_therapist_cannot_create_patient" time="0.180" /><testcase classname="backend.tests.backend_test.TestRBAC" name="test_manager_cannot_create_patient" time="0.170" /><testcase classname="backend.tests.backend_test.TestRBAC" name="test_doctor_cannot_view_audit" time="0.167" /><testcase classname="backend.tests.backend_test.TestRBAC" name="test_manager_can_view_audit" time="0.154" /><testcase classname="backend.tests.backend_test.TestRBAC" name="test_therapist_cannot_edit_clinical" time="0.478" /><testcase classname="backend.tests.backend_test.TestRBAC" name="test_fo_cannot_edit_clinical" time="0.195" /><testcase classname="backend.tests.backend_test.TestPatients" name="test_list_patients" time="0.175" /><testcase classname="backend.tests.backend_test.TestPatients" name="test_search_patients" time="0.185" /><testcase classname="backend.tests.backend_test.TestPatients" name="test_get_patient" time="0.184" /><testcase classname="backend.tests.backend_test.TestPatients" name="test_update_patient" time="0.319" /><testcase classname="backend.tests.backend_test.TestPatients" name="test_get_patient_404" time="0.166" /><testcase classname="backend.tests.backend_test.TestVisits" name="test_list_visits" time="0.180" /><testcase classname="backend.tests.backend_test.TestVisits" name="test_get_visit_enriched" time="0.224" /><testcase classname="backend.tests.backend_test.TestClinical" name="test_save_then_submit_doctor" time="0.594" /><testcase classname="backend.tests.backend_test.TestClinical" name="test_doctor_cannot_edit_after_submit" time="0.170" /><testcase classname="backend.tests.backend_test.TestClinical" name="test_super_admin_can_edit_after_submit" time="0.179" /><testcase classname="backend.tests.backend_test.TestTherapist" name="test_save_and_submit" time="0.635" /><testcase classname="backend.tests.backend_test.TestTherapist" name="test_therapist_cannot_edit_after_submit" time="0.176" /><testcase classname="backend.tests.backend_test.TestTreatments" name="test_add_and_delete" time="0.544" /><testcase classname="backend.tests.backend_test.TestPhotos" name="test_upload_and_serve" time="0.974" /><testcase classname="backend.tests.backend_test.TestMapping" name="test_save" time="0.189" /><testcase classname="backend.tests.backend_test.TestBilling" name="test_pending_billing_includes_visit" time="0.758" /><testcase classname="backend.tests.backend_test.TestBilling" name="test_billing_calculation_and_paid_status" time="0.405" /><testcase classname="backend.tests.backend_test.TestBilling" name="test_doctor_cannot_bill" time="0.172" /><testcase classname="backend.tests.backend_test.TestMisc" name="test_timeline" time="0.172" /><testcase classname="backend.tests.backend_test.TestMisc" name="test_stats" time="0.169" /></testsuite></testsuites>